0 info it worked if it ends with ok
1 verbose cli [ '/usr/local/bin/node', '/usr/local/bin/npm', 'install' ]
2 info using npm@4.0.3
3 info using node@v6.0.0
4 silly loadCurrentTree Starting
5 silly install loadCurrentTree
6 silly install readLocalPackageData
7 silly install normalizeTree
8 silly loadCurrentTree Finishing
9 silly loadIdealTree Starting
10 silly install loadIdealTree
11 silly cloneCurrentTree Starting
12 silly install cloneCurrentTreeToIdealTree
13 silly cloneCurrentTree Finishing
14 silly loadShrinkwrap Starting
15 silly install loadShrinkwrap
16 silly loadShrinkwrap Finishing
17 silly loadAllDepsIntoIdealTree Starting
18 silly install loadAllDepsIntoIdealTree
19 silly fetchNamedPackageData eth-registrar-ens
20 silly mapToRegistry name eth-registrar-ens
21 silly mapToRegistry using default registry
22 silly mapToRegistry registry https://registry.npmjs.org/
23 silly mapToRegistry data Result {
23 silly mapToRegistry   raw: 'eth-registrar-ens',
23 silly mapToRegistry   scope: null,
23 silly mapToRegistry   escapedName: 'eth-registrar-ens',
23 silly mapToRegistry   name: 'eth-registrar-ens',
23 silly mapToRegistry   rawSpec: '',
23 silly mapToRegistry   spec: 'latest',
23 silly mapToRegistry   type: 'tag' }
24 silly mapToRegistry uri https://registry.npmjs.org/eth-registrar-ens
25 verbose request uri https://registry.npmjs.org/eth-registrar-ens
26 verbose request no auth needed
27 info attempt registry request try #1 at 11:27:24 AM
28 verbose request id db9cdf7bb0dd00e1
29 verbose etag W/"58515e56-4755"
30 verbose lastModified Wed, 14 Dec 2016 14:59:34 GMT
31 http request GET https://registry.npmjs.org/eth-registrar-ens
32 http 304 https://registry.npmjs.org/eth-registrar-ens
33 verbose headers { date: 'Thu, 15 Dec 2016 13:27:24 GMT',
33 verbose headers   via: '1.1 varnish',
33 verbose headers   'cache-control': 'max-age=300',
33 verbose headers   etag: 'W/"58515e56-4755"',
33 verbose headers   age: '0',
33 verbose headers   connection: 'keep-alive',
33 verbose headers   'x-served-by': 'cache-gru7127-GRU',
33 verbose headers   'x-cache': 'HIT',
33 verbose headers   'x-cache-hits': '1',
33 verbose headers   'x-timer': 'S1481808444.295048,VS0,VE758',
33 verbose headers   vary: 'Accept-Encoding' }
34 silly get cb [ 304,
34 silly get   { date: 'Thu, 15 Dec 2016 13:27:24 GMT',
34 silly get     via: '1.1 varnish',
34 silly get     'cache-control': 'max-age=300',
34 silly get     etag: 'W/"58515e56-4755"',
34 silly get     age: '0',
34 silly get     connection: 'keep-alive',
34 silly get     'x-served-by': 'cache-gru7127-GRU',
34 silly get     'x-cache': 'HIT',
34 silly get     'x-cache-hits': '1',
34 silly get     'x-timer': 'S1481808444.295048,VS0,VE758',
34 silly get     vary: 'Accept-Encoding' } ]
35 verbose etag https://registry.npmjs.org/eth-registrar-ens from cache
36 verbose get saving eth-registrar-ens to /Users/alex/.npm/registry.npmjs.org/eth-registrar-ens/.cache.json
37 verbose correctMkdir /Users/alex/.npm correctMkdir not in flight; initializing
38 silly resolveWithNewModule eth-registrar-ens@0.1.0 checking installable status
39 silly cache add args [ 'eth-registrar-ens@^0.1.0', null ]
40 verbose cache add spec eth-registrar-ens@^0.1.0
41 silly cache add parsed spec Result {
41 silly cache add   raw: 'eth-registrar-ens@^0.1.0',
41 silly cache add   scope: null,
41 silly cache add   escapedName: 'eth-registrar-ens',
41 silly cache add   name: 'eth-registrar-ens',
41 silly cache add   rawSpec: '^0.1.0',
41 silly cache add   spec: '>=0.1.0 <0.2.0',
41 silly cache add   type: 'range' }
42 silly addNamed eth-registrar-ens@>=0.1.0 <0.2.0
43 verbose addNamed ">=0.1.0 <0.2.0" is a valid semver range for eth-registrar-ens
44 silly addNameRange { name: 'eth-registrar-ens',
44 silly addNameRange   range: '>=0.1.0 <0.2.0',
44 silly addNameRange   hasData: false }
45 silly mapToRegistry name eth-registrar-ens
46 silly mapToRegistry using default registry
47 silly mapToRegistry registry https://registry.npmjs.org/
48 silly mapToRegistry data Result {
48 silly mapToRegistry   raw: 'eth-registrar-ens',
48 silly mapToRegistry   scope: null,
48 silly mapToRegistry   escapedName: 'eth-registrar-ens',
48 silly mapToRegistry   name: 'eth-registrar-ens',
48 silly mapToRegistry   rawSpec: '',
48 silly mapToRegistry   spec: 'latest',
48 silly mapToRegistry   type: 'tag' }
49 silly mapToRegistry uri https://registry.npmjs.org/eth-registrar-ens
50 verbose addNameRange registry:https://registry.npmjs.org/eth-registrar-ens not in flight; fetching
51 verbose get https://registry.npmjs.org/eth-registrar-ens not expired, no request
52 silly addNameRange number 2 { name: 'eth-registrar-ens',
52 silly addNameRange   range: '>=0.1.0 <0.2.0',
52 silly addNameRange   hasData: true }
53 silly addNameRange versions [ 'eth-registrar-ens', [ '0.1.0', '0.2.0', '0.2.2' ] ]
54 silly addNamed eth-registrar-ens@0.1.0
55 verbose addNamed "0.1.0" is a plain semver version for eth-registrar-ens
56 silly cache afterAdd eth-registrar-ens@0.1.0
57 verbose afterAdd /Users/alex/.npm/eth-registrar-ens/0.1.0/package/package.json not in flight; writing
58 verbose correctMkdir /Users/alex/.npm correctMkdir not in flight; initializing
59 verbose afterAdd /Users/alex/.npm/eth-registrar-ens/0.1.0/package/package.json written
60 silly fetchNamedPackageData ethereum-ens
61 silly mapToRegistry name ethereum-ens
62 silly mapToRegistry using default registry
63 silly mapToRegistry registry https://registry.npmjs.org/
64 silly mapToRegistry data Result {
64 silly mapToRegistry   raw: 'ethereum-ens',
64 silly mapToRegistry   scope: null,
64 silly mapToRegistry   escapedName: 'ethereum-ens',
64 silly mapToRegistry   name: 'ethereum-ens',
64 silly mapToRegistry   rawSpec: '',
64 silly mapToRegistry   spec: 'latest',
64 silly mapToRegistry   type: 'tag' }
65 silly mapToRegistry uri https://registry.npmjs.org/ethereum-ens
66 verbose request uri https://registry.npmjs.org/ethereum-ens
67 verbose request no auth needed
68 info attempt registry request try #1 at 11:27:25 AM
69 verbose etag W/"58485939-364f"
70 verbose lastModified Wed, 07 Dec 2016 18:47:21 GMT
71 http request GET https://registry.npmjs.org/ethereum-ens
72 http 304 https://registry.npmjs.org/ethereum-ens
73 verbose headers { date: 'Thu, 15 Dec 2016 13:27:25 GMT',
73 verbose headers   via: '1.1 varnish',
73 verbose headers   'cache-control': 'max-age=300',
73 verbose headers   etag: 'W/"58485939-364f"',
73 verbose headers   age: '0',
73 verbose headers   connection: 'keep-alive',
73 verbose headers   'x-served-by': 'cache-gru7127-GRU',
73 verbose headers   'x-cache': 'HIT',
73 verbose headers   'x-cache-hits': '1',
73 verbose headers   'x-timer': 'S1481808445.133618,VS0,VE182',
73 verbose headers   vary: 'Accept-Encoding' }
74 silly get cb [ 304,
74 silly get   { date: 'Thu, 15 Dec 2016 13:27:25 GMT',
74 silly get     via: '1.1 varnish',
74 silly get     'cache-control': 'max-age=300',
74 silly get     etag: 'W/"58485939-364f"',
74 silly get     age: '0',
74 silly get     connection: 'keep-alive',
74 silly get     'x-served-by': 'cache-gru7127-GRU',
74 silly get     'x-cache': 'HIT',
74 silly get     'x-cache-hits': '1',
74 silly get     'x-timer': 'S1481808445.133618,VS0,VE182',
74 silly get     vary: 'Accept-Encoding' } ]
75 verbose etag https://registry.npmjs.org/ethereum-ens from cache
76 verbose get saving ethereum-ens to /Users/alex/.npm/registry.npmjs.org/ethereum-ens/.cache.json
77 verbose correctMkdir /Users/alex/.npm correctMkdir not in flight; initializing
78 silly resolveWithNewModule ethereum-ens@0.1.1 checking installable status
79 silly cache add args [ 'ethereum-ens@^0.1.1', null ]
80 verbose cache add spec ethereum-ens@^0.1.1
81 silly cache add parsed spec Result {
81 silly cache add   raw: 'ethereum-ens@^0.1.1',
81 silly cache add   scope: null,
81 silly cache add   escapedName: 'ethereum-ens',
81 silly cache add   name: 'ethereum-ens',
81 silly cache add   rawSpec: '^0.1.1',
81 silly cache add   spec: '>=0.1.1 <0.2.0',
81 silly cache add   type: 'range' }
82 silly addNamed ethereum-ens@>=0.1.1 <0.2.0
83 verbose addNamed ">=0.1.1 <0.2.0" is a valid semver range for ethereum-ens
84 silly addNameRange { name: 'ethereum-ens', range: '>=0.1.1 <0.2.0', hasData: false }
85 silly mapToRegistry name ethereum-ens
86 silly mapToRegistry using default registry
87 silly mapToRegistry registry https://registry.npmjs.org/
88 silly mapToRegistry data Result {
88 silly mapToRegistry   raw: 'ethereum-ens',
88 silly mapToRegistry   scope: null,
88 silly mapToRegistry   escapedName: 'ethereum-ens',
88 silly mapToRegistry   name: 'ethereum-ens',
88 silly mapToRegistry   rawSpec: '',
88 silly mapToRegistry   spec: 'latest',
88 silly mapToRegistry   type: 'tag' }
89 silly mapToRegistry uri https://registry.npmjs.org/ethereum-ens
90 verbose addNameRange registry:https://registry.npmjs.org/ethereum-ens not in flight; fetching
91 verbose get https://registry.npmjs.org/ethereum-ens not expired, no request
92 silly addNameRange number 2 { name: 'ethereum-ens', range: '>=0.1.1 <0.2.0', hasData: true }
93 silly addNameRange versions [ 'ethereum-ens',
93 silly addNameRange   [ '0.1.0', '0.1.1', '0.2.1', '0.2.2', '0.2.3', '0.2.4' ] ]
94 silly addNamed ethereum-ens@0.1.1
95 verbose addNamed "0.1.1" is a plain semver version for ethereum-ens
96 silly cache afterAdd ethereum-ens@0.1.1
97 verbose afterAdd /Users/alex/.npm/ethereum-ens/0.1.1/package/package.json not in flight; writing
98 verbose correctMkdir /Users/alex/.npm correctMkdir not in flight; initializing
99 verbose afterAdd /Users/alex/.npm/ethereum-ens/0.1.1/package/package.json written
100 silly loadAllDepsIntoIdealTree Finishing
101 silly loadIdealTree Finishing
102 silly currentTree ens-registry@1.0.0
102 silly currentTree ├── babel-runtime@6.20.0
102 silly currentTree ├── bindings@1.2.1
102 silly currentTree ├── core-js@2.4.1
102 silly currentTree ├── crypto-js@3.1.8
102 silly currentTree ├── debug@2.2.0
102 silly currentTree ├── eth-registrar-ens@0.2.2
102 silly currentTree ├── ethereum-ens@0.2.4
102 silly currentTree ├─┬ meteor-node-stubs@0.2.4
102 silly currentTree │ ├── asn1.js@4.9.0
102 silly currentTree │ ├── assert@1.4.1
102 silly currentTree │ ├── base64-js@1.2.0
102 silly currentTree │ ├── Base64@0.2.1
102 silly currentTree │ ├── bn.js@4.11.6
102 silly currentTree │ ├── brorand@1.0.6
102 silly currentTree │ ├── browserify-aes@1.0.6
102 silly currentTree │ ├── browserify-cipher@1.0.0
102 silly currentTree │ ├── browserify-des@1.0.0
102 silly currentTree │ ├── browserify-rsa@4.0.1
102 silly currentTree │ ├── browserify-sign@4.0.0
102 silly currentTree │ ├── browserify-zlib@0.1.4
102 silly currentTree │ ├── buffer-shims@1.0.0
102 silly currentTree │ ├── buffer-xor@1.0.3
102 silly currentTree │ ├── buffer@4.9.1
102 silly currentTree │ ├── cipher-base@1.0.3
102 silly currentTree │ ├── console-browserify@1.1.0
102 silly currentTree │ ├── constants-browserify@1.0.0
102 silly currentTree │ ├── core-util-is@1.0.2
102 silly currentTree │ ├── create-ecdh@4.0.0
102 silly currentTree │ ├── create-hash@1.1.2
102 silly currentTree │ ├── create-hmac@1.1.4
102 silly currentTree │ ├── crypto-browserify@3.11.0
102 silly currentTree │ ├── date-now@0.1.4
102 silly currentTree │ ├── des.js@1.0.0
102 silly currentTree │ ├── diffie-hellman@5.0.2
102 silly currentTree │ ├── domain-browser@1.1.7
102 silly currentTree │ ├── elliptic@6.3.2
102 silly currentTree │ ├── events@1.1.1
102 silly currentTree │ ├── evp_bytestokey@1.0.0
102 silly currentTree │ ├── hash.js@1.0.3
102 silly currentTree │ ├── http-browserify@1.7.0
102 silly currentTree │ ├── https-browserify@0.0.1
102 silly currentTree │ ├── ieee754@1.1.8
102 silly currentTree │ ├── indexof@0.0.1
102 silly currentTree │ ├── inherits@2.0.1
102 silly currentTree │ ├── isarray@1.0.0
102 silly currentTree │ ├── miller-rabin@4.0.0
102 silly currentTree │ ├── minimalistic-assert@1.0.0
102 silly currentTree │ ├── os-browserify@0.2.1
102 silly currentTree │ ├── pako@0.2.9
102 silly currentTree │ ├── parse-asn1@5.0.0
102 silly currentTree │ ├── path-browserify@0.0.0
102 silly currentTree │ ├── pbkdf2@3.0.9
102 silly currentTree │ ├── process-nextick-args@1.0.7
102 silly currentTree │ ├── process@0.11.9
102 silly currentTree │ ├── public-encrypt@4.0.0
102 silly currentTree │ ├── punycode@1.4.1
102 silly currentTree │ ├── querystring-es3@0.2.1
102 silly currentTree │ ├── querystring@0.2.0
102 silly currentTree │ ├── randombytes@2.0.3
102 silly currentTree │ ├── readable-stream@2.2.1
102 silly currentTree │ ├── ripemd160@1.0.1
102 silly currentTree │ ├── sha.js@2.4.8
102 silly currentTree │ ├── stream-browserify@2.0.1
102 silly currentTree │ ├── string_decoder@0.10.31
102 silly currentTree │ ├── timers-browserify@1.4.2
102 silly currentTree │ ├── tty-browserify@0.0.0
102 silly currentTree │ ├─┬ url@0.11.0
102 silly currentTree │ │ └── punycode@1.3.2
102 silly currentTree │ ├── util-deprecate@1.0.2
102 silly currentTree │ ├── util@0.10.3
102 silly currentTree │ └── vm-browserify@0.0.4
102 silly currentTree ├── ms@0.7.1
102 silly currentTree ├── nan@2.3.5
102 silly currentTree ├── node-stringprep@0.8.0
102 silly currentTree ├── regenerator-runtime@0.10.1
102 silly currentTree └── underscore@1.8.3
103 silly idealTree ens-registry@1.0.0
103 silly idealTree ├── babel-runtime@6.20.0
103 silly idealTree ├── bindings@1.2.1
103 silly idealTree ├── core-js@2.4.1
103 silly idealTree ├── crypto-js@3.1.8
103 silly idealTree ├── debug@2.2.0
103 silly idealTree ├─┬ eth-registrar-ens@0.1.0
103 silly idealTree │ └── ethereum-ens@0.1.1
103 silly idealTree ├── ethereum-ens@0.2.4
103 silly idealTree ├─┬ meteor-node-stubs@0.2.4
103 silly idealTree │ ├── asn1.js@4.9.0
103 silly idealTree │ ├── assert@1.4.1
103 silly idealTree │ ├── base64-js@1.2.0
103 silly idealTree │ ├── Base64@0.2.1
103 silly idealTree │ ├── bn.js@4.11.6
103 silly idealTree │ ├── brorand@1.0.6
103 silly idealTree │ ├── browserify-aes@1.0.6
103 silly idealTree │ ├── browserify-cipher@1.0.0
103 silly idealTree │ ├── browserify-des@1.0.0
103 silly idealTree │ ├── browserify-rsa@4.0.1
103 silly idealTree │ ├── browserify-sign@4.0.0
103 silly idealTree │ ├── browserify-zlib@0.1.4
103 silly idealTree │ ├── buffer-shims@1.0.0
103 silly idealTree │ ├── buffer-xor@1.0.3
103 silly idealTree │ ├── buffer@4.9.1
103 silly idealTree │ ├── cipher-base@1.0.3
103 silly idealTree │ ├── console-browserify@1.1.0
103 silly idealTree │ ├── constants-browserify@1.0.0
103 silly idealTree │ ├── core-util-is@1.0.2
103 silly idealTree │ ├── create-ecdh@4.0.0
103 silly idealTree │ ├── create-hash@1.1.2
103 silly idealTree │ ├── create-hmac@1.1.4
103 silly idealTree │ ├── crypto-browserify@3.11.0
103 silly idealTree │ ├── date-now@0.1.4
103 silly idealTree │ ├── des.js@1.0.0
103 silly idealTree │ ├── diffie-hellman@5.0.2
103 silly idealTree │ ├── domain-browser@1.1.7
103 silly idealTree │ ├── elliptic@6.3.2
103 silly idealTree │ ├── events@1.1.1
103 silly idealTree │ ├── evp_bytestokey@1.0.0
103 silly idealTree │ ├── hash.js@1.0.3
103 silly idealTree │ ├── http-browserify@1.7.0
103 silly idealTree │ ├── https-browserify@0.0.1
103 silly idealTree │ ├── ieee754@1.1.8
103 silly idealTree │ ├── indexof@0.0.1
103 silly idealTree │ ├── inherits@2.0.1
103 silly idealTree │ ├── isarray@1.0.0
103 silly idealTree │ ├── miller-rabin@4.0.0
103 silly idealTree │ ├── minimalistic-assert@1.0.0
103 silly idealTree │ ├── os-browserify@0.2.1
103 silly idealTree │ ├── pako@0.2.9
103 silly idealTree │ ├── parse-asn1@5.0.0
103 silly idealTree │ ├── path-browserify@0.0.0
103 silly idealTree │ ├── pbkdf2@3.0.9
103 silly idealTree │ ├── process-nextick-args@1.0.7
103 silly idealTree │ ├── process@0.11.9
103 silly idealTree │ ├── public-encrypt@4.0.0
103 silly idealTree │ ├── punycode@1.4.1
103 silly idealTree │ ├── querystring-es3@0.2.1
103 silly idealTree │ ├── querystring@0.2.0
103 silly idealTree │ ├── randombytes@2.0.3
103 silly idealTree │ ├── readable-stream@2.2.1
103 silly idealTree │ ├── ripemd160@1.0.1
103 silly idealTree │ ├── sha.js@2.4.8
103 silly idealTree │ ├── stream-browserify@2.0.1
103 silly idealTree │ ├── string_decoder@0.10.31
103 silly idealTree │ ├── timers-browserify@1.4.2
103 silly idealTree │ ├── tty-browserify@0.0.0
103 silly idealTree │ ├─┬ url@0.11.0
103 silly idealTree │ │ └── punycode@1.3.2
103 silly idealTree │ ├── util-deprecate@1.0.2
103 silly idealTree │ ├── util@0.10.3
103 silly idealTree │ └── vm-browserify@0.0.4
103 silly idealTree ├── ms@0.7.1
103 silly idealTree ├── nan@2.3.5
103 silly idealTree ├── node-stringprep@0.8.0
103 silly idealTree ├── regenerator-runtime@0.10.1
103 silly idealTree └── underscore@1.8.3
104 silly generateActionsToTake Starting
105 silly install generateActionsToTake
106 silly rollbackFailedOptional Starting
107 silly rollbackFailedOptional Finishing
108 silly runTopLevelLifecycles Finishing
109 silly install printInstalled
110 verbose stack Error: /Users/alex/dev/ens-registrar-dapp/app/node_modules/eth-registrar-ens: Appears to be a git repo or submodule.
110 verbose stack     at /Users/alex/.yarn-config/global/node_modules/npm/node_modules/npm-install-checks/index.js:137:15
110 verbose stack     at /Users/alex/.yarn-config/global/node_modules/npm/node_modules/graceful-fs/polyfills.js:279:18
110 verbose stack     at FSReqWrap.oncomplete (fs.js:117:15)
111 verbose cwd /Users/alex/dev/ens-registrar-dapp/app
112 error Darwin 16.1.0
113 error argv "/usr/local/bin/node" "/usr/local/bin/npm" "install"
114 error node v6.0.0
115 error npm  v4.0.3
116 error path /Users/alex/dev/ens-registrar-dapp/app/node_modules/eth-registrar-ens
117 error code EISGIT
118 error git /Users/alex/dev/ens-registrar-dapp/app/node_modules/eth-registrar-ens: Appears to be a git repo or submodule.
119 error git /Users/alex/dev/ens-registrar-dapp/app/node_modules/eth-registrar-ens
120 error git Refusing to remove it. Update manually,
120 error git or move it out of the way first.
121 verbose exit [ 1, true ]
